Using pre-set license
Built from '2020.3/china_unity/release' branch; Version is '2020.3.9f1c1 (ef65345766d1) revision 15689012'; Using compiler version '192528614'; Build Type 'Release'
OS: 'Windows 10 Pro; OS build 18362.1016; Version 1903; 64bit' Language: 'zh' Physical Memory: 16319 MB
BatchMode: 1, IsHumanControllingUs: 0, StartBugReporterOnCrash: 0, Is64bit: 1, IsPro: 0

 COMMAND LINE ARGUMENTS:
D:\unity\unity2020.3.9\Unity\Editor\Unity.exe
-adb2
-batchMode
-noUpm
-name
AssetImportWorker0
-projectPath
F:/代做/031  2D PuyoPuyo/新建文件夹 (2)/013-2020.3.9/New Unity Project
-logFile
Logs/AssetImportWorker0.log
-srvPort
51358
Successfully changed project path to: F:/代做/031  2D PuyoPuyo/新建文件夹 (2)/013-2020.3.9/New Unity Project
F:/代做/031  2D PuyoPuyo/新建文件夹 (2)/013-2020.3.9/New Unity Project
Using Asset Import Pipeline V2.
Refreshing native plugins compatible for Editor in 20.67 ms, found 0 plugins.
Preloading 0 native plugins for Editor in 0.00 ms.
Initialize engine version: 2020.3.9f1c1 (ef65345766d1)
[Subsystems] Discovering subsystems at path D:/unity/unity2020.3.9/Unity/Editor/Data/Resources/UnitySubsystems
[Subsystems] Discovering subsystems at path F:/代做/031  2D PuyoPuyo/新建文件夹 (2)/013-2020.3.9/New Unity Project/Assets
GfxDevice: creating device client; threaded=0
Direct3D:
    Version:  Direct3D 11.0 [level 11.1]
    Renderer: NVIDIA GeForce RTX 2060 (ID=0x1f08)
    Vendor:   
    VRAM:     5980 MB
    Driver:   27.21.14.5148
Initialize mono
Mono path[0] = 'D:/unity/unity2020.3.9/Unity/Editor/Data/Managed'
Mono path[1] = 'D:/unity/unity2020.3.9/Unity/Editor/Data/MonoBleedingEdge/lib/mono/unityjit'
Mono config path = 'D:/unity/unity2020.3.9/Unity/Editor/Data/MonoBleedingEdge/etc'
Using monoOptions --debugger-agent=transport=dt_socket,embedding=1,server=y,suspend=n,address=127.0.0.1:56548
Begin MonoManager ReloadAssembly
Registering precompiled unity dll's ...
Register platform support module: D:/unity/unity2020.3.9/Unity/Editor/Data/PlaybackEngines/WindowsStandaloneSupport/UnityEditor.WindowsStandalone.Extensions.dll
Registered in 0.002107 seconds.
Native extension for WindowsStandalone target not found
Refreshing native plugins compatible for Editor in 21.31 ms, found 0 plugins.
Preloading 0 native plugins for Editor in 0.00 ms.
Mono: successfully reloaded assembly
- Completed reload, in  0.818 seconds
Platform modules already initialized, skipping
Registering precompiled user dll's ...
Registered in 0.000624 seconds.
Begin MonoManager ReloadAssembly
Native extension for WindowsStandalone target not found
Refreshing native plugins compatible for Editor in 0.18 ms, found 0 plugins.
Preloading 0 native plugins for Editor in 0.00 ms.
Mono: successfully reloaded assembly
- Completed reload, in  0.753 seconds
Platform modules already initialized, skipping
========================================================================
Worker process is ready to serve import requests
Launched and connected shader compiler UnityShaderCompiler.exe after 0.10 seconds
Refreshing native plugins compatible for Editor in 0.18 ms, found 0 plugins.
Preloading 0 native plugins for Editor in 0.00 ms.
Unloading 1156 Unused Serialized files (Serialized files now loaded: 0)
System memory in use before: 59.0 MB.
System memory in use after: 59.1 MB.

Unloading 9 unused Assets to reduce memory usage. Loaded Objects now: 1600.
Total: 1.469800 ms (FindLiveObjects: 0.096600 ms CreateObjectMapping: 0.030000 ms MarkObjects: 1.296600 ms  DeleteObjects: 0.045600 ms)

========================================================================
Received Prepare
Refreshing native plugins compatible for Editor in 0.80 ms, found 0 plugins.
Preloading 0 native plugins for Editor in 0.00 ms.
Unloading 3 Unused Serialized files (Serialized files now loaded: 0)
System memory in use before: 35.6 MB.
System memory in use after: 35.7 MB.

Unloading 2 unused Assets to reduce memory usage. Loaded Objects now: 1600.
Total: 2.032500 ms (FindLiveObjects: 0.209300 ms CreateObjectMapping: 0.052300 ms MarkObjects: 1.759200 ms  DeleteObjects: 0.010900 ms)

AssetImportWorkerClient::OnTransportError - code=2 error=End of file
